2025-11-13 10:39:13 - __main__ - INFO - Logging to file: ./logs\counting_20251113_103913.log
2025-11-13 10:39:13 - __main__ - INFO - Logging to console: enabled
2025-11-13 10:39:13 - __main__ - INFO - CUDA not available, will use CPU
2025-11-13 10:39:13 - __main__ - INFO - Visualization mode: Real-time display
2025-11-13 10:39:13 - __main__ - INFO - Using standard CPU consumer
2025-11-13 10:39:16 - consumer_cpu - INFO - Parallel processing enabled with 4 workers
2025-11-13 10:39:16 - consumer_cpu - INFO - Initialized counter for Camera 1 with line: [[240, 0], [240, 480]]
2025-11-13 10:39:16 - consumer_cpu - INFO - Initialized counter for Camera 2 with line: [[240, 0], [240, 480]]
2025-11-13 10:39:16 - consumer_cpu - INFO - Model loaded on cpu
2025-11-13 10:39:16 - consumer_cpu - INFO - Model input size: (854, 480)
2025-11-13 10:39:16 - consumer_cpu - INFO - Counting log interval: 900 seconds
2025-11-13 10:39:16 - consumer_cpu - INFO - Visualization mode: display
2025-11-13 10:39:16 - consumer_cpu - INFO - Available classes: ['person', 'bicycle', 'car', 'motorcycle', 'airplane', 'bus', 'train', 'truck', 'boat', 'traffic light', 'fire hydrant', 'stop sign', 'parking meter', 'bench', 'bird', 'cat', 'dog', 'horse', 'sheep', 'cow', 'elephant', 'bear', 'zebra', 'giraffe', 'backpack', 'umbrella', 'handbag', 'tie', 'suitcase', 'frisbee', 'skis', 'snowboard', 'sports ball', 'kite', 'baseball bat', 'baseball glove', 'skateboard', 'surfboard', 'tennis racket', 'bottle', 'wine glass', 'cup', 'fork', 'knife', 'spoon', 'bowl', 'banana', 'apple', 'sandwich', 'orange', 'broccoli', 'carrot', 'hot dog', 'pizza', 'donut', 'cake', 'chair', 'couch', 'potted plant', 'bed', 'dining table', 'toilet', 'tv', 'laptop', 'mouse', 'remote', 'keyboard', 'cell phone', 'microwave', 'oven', 'toaster', 'sink', 'refrigerator', 'book', 'clock', 'vase', 'scissors', 'teddy bear', 'hair drier', 'toothbrush']
2025-11-13 10:39:17 - __main__ - INFO - Starting Multi-Camera Object Counting System with display mode
2025-11-13 10:39:17 - __main__ - INFO - Consumer mode: CPU
2025-11-13 10:39:17 - __main__ - INFO - Count logging interval: 900 seconds
2025-11-13 10:39:17 - __main__ - INFO - Parallel processing: ENABLED (4 workers)
2025-11-13 10:39:17 - __main__ - INFO - Starting health API on http://0.0.0.0:8080
2025-11-13 10:39:17 - __main__ - INFO - Health API endpoints:
2025-11-13 10:39:17 - __main__ - INFO -   - Status: http://0.0.0.0:8080/status
2025-11-13 10:39:17 - __main__ - INFO -   - Health: http://0.0.0.0:8080/health
2025-11-13 10:39:17 - __main__ - INFO -   - Cameras: http://0.0.0.0:8080/cameras
2025-11-13 10:39:17 - __main__ - INFO - Starting Producer.
2025-11-13 10:39:17 - producer - INFO - Camera camera_1 - Counting Line: True, Classes: ['person']
2025-11-13 10:39:17 - producer - INFO - Started capture for Camera 1 - Counting Line: True, Classes: ['person']
2025-11-13 10:39:17 - producer - INFO - Camera camera_2 - Counting Line: True, Classes: ['person', 'car']
2025-11-13 10:39:17 - producer - INFO - Started capture for Camera 2 - Counting Line: True, Classes: ['person', 'car']
2025-11-13 10:39:17 - __main__ - INFO - Starting Consumer thread.
2025-11-13 10:39:17 - __main__ - INFO - Pipeline running. Press Ctrl+C to stop.
2025-11-13 10:39:17 - werkzeug - INFO - [31m[1mWARNING: This is a development server. Do not use it in a production deployment. Use a production WSGI server instead.[0m
 * Running on all addresses (0.0.0.0)
 * Running on http://127.0.0.1:8080
 * Running on http://192.168.142.200:8080
2025-11-13 10:39:17 - werkzeug - INFO - [33mPress CTRL+C to quit[0m
2025-11-13 10:39:18 - producer - INFO - camera_1: Successfully connected
2025-11-13 10:39:19 - producer - INFO - camera_2: Successfully connected
2025-11-13 10:40:17 - __main__ - INFO - ================================================================================
2025-11-13 10:40:17 - __main__ - INFO - SYSTEM STATUS
2025-11-13 10:40:17 - __main__ - INFO - Consumer mode: CPU
2025-11-13 10:40:17 - __main__ - INFO - Frame queue size: 99
2025-11-13 10:40:17 - __main__ - INFO - Camera Status:
2025-11-13 10:40:17 - __main__ - INFO -   camera_1: Connected | Thread: Running
2025-11-13 10:40:17 - __main__ - INFO -   camera_2: Connected | Thread: Running
2025-11-13 10:40:17 - __main__ - INFO - Counting Status:
2025-11-13 10:40:17 - __main__ - INFO -   Camera 1 (camera_1):
2025-11-13 10:40:17 - __main__ - INFO -     Current IN: 2 | OUT: 0
2025-11-13 10:40:17 - __main__ - INFO -     Unique objects tracked: 2
2025-11-13 10:40:17 - __main__ - INFO -     Next log in: 840 seconds
2025-11-13 10:40:17 - __main__ - INFO -   Camera 2 (camera_2):
2025-11-13 10:40:17 - __main__ - INFO -     Current IN: 2 | OUT: 0
2025-11-13 10:40:17 - __main__ - INFO -     Unique objects tracked: 2
2025-11-13 10:40:17 - __main__ - INFO -     Next log in: 840 seconds
2025-11-13 10:40:17 - __main__ - INFO - ================================================================================
2025-11-13 10:41:17 - __main__ - INFO - ================================================================================
2025-11-13 10:41:17 - __main__ - INFO - SYSTEM STATUS
2025-11-13 10:41:17 - __main__ - INFO - Consumer mode: CPU
2025-11-13 10:41:17 - __main__ - INFO - Frame queue size: 99
2025-11-13 10:41:17 - __main__ - INFO - Camera Status:
2025-11-13 10:41:17 - __main__ - INFO -   camera_1: Connected | Thread: Running
2025-11-13 10:41:17 - __main__ - INFO -   camera_2: Connected | Thread: Running
2025-11-13 10:41:17 - __main__ - INFO - Counting Status:
2025-11-13 10:41:17 - __main__ - INFO -   Camera 1 (camera_1):
2025-11-13 10:41:17 - __main__ - INFO -     Current IN: 5 | OUT: 0
2025-11-13 10:41:17 - __main__ - INFO -     Unique objects tracked: 5
2025-11-13 10:41:17 - __main__ - INFO -     Next log in: 779 seconds
2025-11-13 10:41:17 - __main__ - INFO -   Camera 2 (camera_2):
2025-11-13 10:41:17 - __main__ - INFO -     Current IN: 5 | OUT: 0
2025-11-13 10:41:17 - __main__ - INFO -     Unique objects tracked: 5
2025-11-13 10:41:17 - __main__ - INFO -     Next log in: 779 seconds
2025-11-13 10:41:17 - __main__ - INFO - ================================================================================
2025-11-13 10:42:17 - __main__ - INFO - ================================================================================
2025-11-13 10:42:17 - __main__ - INFO - SYSTEM STATUS
2025-11-13 10:42:17 - __main__ - INFO - Consumer mode: CPU
2025-11-13 10:42:17 - __main__ - INFO - Frame queue size: 98
2025-11-13 10:42:17 - __main__ - INFO - Camera Status:
2025-11-13 10:42:17 - __main__ - INFO -   camera_1: Connected | Thread: Running
2025-11-13 10:42:17 - __main__ - INFO -   camera_2: Connected | Thread: Running
2025-11-13 10:42:17 - __main__ - INFO - Counting Status:
2025-11-13 10:42:18 - __main__ - INFO -   Camera 1 (camera_1):
2025-11-13 10:42:18 - __main__ - INFO -     Current IN: 7 | OUT: 0
2025-11-13 10:42:18 - __main__ - INFO -     Unique objects tracked: 7
2025-11-13 10:42:18 - __main__ - INFO -     Next log in: 719 seconds
2025-11-13 10:42:18 - __main__ - INFO -   Camera 2 (camera_2):
2025-11-13 10:42:18 - __main__ - INFO -     Current IN: 7 | OUT: 0
2025-11-13 10:42:18 - __main__ - INFO -     Unique objects tracked: 7
2025-11-13 10:42:18 - __main__ - INFO -     Next log in: 719 seconds
2025-11-13 10:42:18 - __main__ - INFO - ================================================================================
2025-11-13 10:43:17 - __main__ - INFO - ================================================================================
2025-11-13 10:43:17 - __main__ - INFO - SYSTEM STATUS
2025-11-13 10:43:17 - __main__ - INFO - Consumer mode: CPU
2025-11-13 10:43:17 - __main__ - INFO - Frame queue size: 100
2025-11-13 10:43:17 - __main__ - INFO - Camera Status:
2025-11-13 10:43:17 - __main__ - INFO -   camera_1: Connected | Thread: Running
2025-11-13 10:43:17 - __main__ - INFO -   camera_2: Connected | Thread: Running
2025-11-13 10:43:17 - __main__ - INFO - Counting Status:
2025-11-13 10:43:17 - __main__ - INFO -   Camera 1 (camera_1):
2025-11-13 10:43:17 - __main__ - INFO -     Current IN: 10 | OUT: 0
2025-11-13 10:43:17 - __main__ - INFO -     Unique objects tracked: 10
2025-11-13 10:43:17 - __main__ - INFO -     Next log in: 659 seconds
2025-11-13 10:43:17 - __main__ - INFO -   Camera 2 (camera_2):
2025-11-13 10:43:17 - __main__ - INFO -     Current IN: 10 | OUT: 0
2025-11-13 10:43:17 - __main__ - INFO -     Unique objects tracked: 10
2025-11-13 10:43:17 - __main__ - INFO -     Next log in: 659 seconds
2025-11-13 10:43:17 - __main__ - INFO - ================================================================================
2025-11-13 10:44:17 - __main__ - INFO - ================================================================================
2025-11-13 10:44:17 - __main__ - INFO - SYSTEM STATUS
2025-11-13 10:44:17 - __main__ - INFO - Consumer mode: CPU
2025-11-13 10:44:17 - __main__ - INFO - Frame queue size: 96
2025-11-13 10:44:17 - __main__ - INFO - Camera Status:
2025-11-13 10:44:17 - __main__ - INFO -   camera_1: Connected | Thread: Running
2025-11-13 10:44:17 - __main__ - INFO -   camera_2: Connected | Thread: Running
2025-11-13 10:44:17 - __main__ - INFO - Counting Status:
2025-11-13 10:44:18 - __main__ - INFO -   Camera 1 (camera_1):
2025-11-13 10:44:18 - __main__ - INFO -     Current IN: 13 | OUT: 0
2025-11-13 10:44:18 - __main__ - INFO -     Unique objects tracked: 13
2025-11-13 10:44:18 - __main__ - INFO -     Next log in: 599 seconds
2025-11-13 10:44:18 - __main__ - INFO -   Camera 2 (camera_2):
2025-11-13 10:44:18 - __main__ - INFO -     Current IN: 13 | OUT: 0
2025-11-13 10:44:18 - __main__ - INFO -     Unique objects tracked: 13
2025-11-13 10:44:18 - __main__ - INFO -     Next log in: 599 seconds
2025-11-13 10:44:18 - __main__ - INFO - ================================================================================
2025-11-13 10:45:18 - __main__ - INFO - ================================================================================
2025-11-13 10:45:18 - __main__ - INFO - SYSTEM STATUS
2025-11-13 10:45:18 - __main__ - INFO - Consumer mode: CPU
2025-11-13 10:45:18 - __main__ - INFO - Frame queue size: 98
2025-11-13 10:45:18 - __main__ - INFO - Camera Status:
2025-11-13 10:45:18 - __main__ - INFO -   camera_1: Connected | Thread: Running
2025-11-13 10:45:18 - __main__ - INFO -   camera_2: Connected | Thread: Running
2025-11-13 10:45:18 - __main__ - INFO - Counting Status:
2025-11-13 10:45:18 - __main__ - INFO -   Camera 1 (camera_1):
2025-11-13 10:45:18 - __main__ - INFO -     Current IN: 15 | OUT: 0
2025-11-13 10:45:18 - __main__ - INFO -     Unique objects tracked: 15
2025-11-13 10:45:18 - __main__ - INFO -     Next log in: 538 seconds
2025-11-13 10:45:18 - __main__ - INFO -   Camera 2 (camera_2):
2025-11-13 10:45:18 - __main__ - INFO -     Current IN: 15 | OUT: 0
2025-11-13 10:45:18 - __main__ - INFO -     Unique objects tracked: 15
2025-11-13 10:45:18 - __main__ - INFO -     Next log in: 538 seconds
2025-11-13 10:45:18 - __main__ - INFO - ================================================================================
2025-11-13 10:46:18 - __main__ - INFO - ================================================================================
2025-11-13 10:46:18 - __main__ - INFO - SYSTEM STATUS
2025-11-13 10:46:18 - __main__ - INFO - Consumer mode: CPU
2025-11-13 10:46:18 - __main__ - INFO - Frame queue size: 100
2025-11-13 10:46:18 - __main__ - INFO - Camera Status:
2025-11-13 10:46:18 - __main__ - INFO -   camera_1: Connected | Thread: Running
2025-11-13 10:46:18 - __main__ - INFO -   camera_2: Connected | Thread: Running
2025-11-13 10:46:18 - __main__ - INFO - Counting Status:
2025-11-13 10:46:18 - __main__ - INFO -   Camera 1 (camera_1):
2025-11-13 10:46:18 - __main__ - INFO -     Current IN: 18 | OUT: 0
2025-11-13 10:46:18 - __main__ - INFO -     Unique objects tracked: 18
2025-11-13 10:46:18 - __main__ - INFO -     Next log in: 478 seconds
2025-11-13 10:46:18 - __main__ - INFO -   Camera 2 (camera_2):
2025-11-13 10:46:18 - __main__ - INFO -     Current IN: 18 | OUT: 0
2025-11-13 10:46:18 - __main__ - INFO -     Unique objects tracked: 18
2025-11-13 10:46:18 - __main__ - INFO -     Next log in: 478 seconds
2025-11-13 10:46:18 - __main__ - INFO - ================================================================================
2025-11-13 10:47:18 - __main__ - INFO - ================================================================================
2025-11-13 10:47:18 - __main__ - INFO - SYSTEM STATUS
2025-11-13 10:47:18 - __main__ - INFO - Consumer mode: CPU
2025-11-13 10:47:18 - __main__ - INFO - Frame queue size: 100
2025-11-13 10:47:18 - __main__ - INFO - Camera Status:
2025-11-13 10:47:18 - __main__ - INFO -   camera_1: Connected | Thread: Running
2025-11-13 10:47:18 - __main__ - INFO -   camera_2: Connected | Thread: Running
2025-11-13 10:47:18 - __main__ - INFO - Counting Status:
2025-11-13 10:47:18 - __main__ - INFO -   Camera 1 (camera_1):
2025-11-13 10:47:18 - __main__ - INFO -     Current IN: 21 | OUT: 0
2025-11-13 10:47:18 - __main__ - INFO -     Unique objects tracked: 21
2025-11-13 10:47:18 - __main__ - INFO -     Next log in: 418 seconds
2025-11-13 10:47:18 - __main__ - INFO -   Camera 2 (camera_2):
2025-11-13 10:47:18 - __main__ - INFO -     Current IN: 21 | OUT: 0
2025-11-13 10:47:18 - __main__ - INFO -     Unique objects tracked: 21
2025-11-13 10:47:18 - __main__ - INFO -     Next log in: 418 seconds
2025-11-13 10:47:18 - __main__ - INFO - ================================================================================
2025-11-13 10:48:19 - __main__ - INFO - ================================================================================
2025-11-13 10:48:19 - __main__ - INFO - SYSTEM STATUS
2025-11-13 10:48:19 - __main__ - INFO - Consumer mode: CPU
2025-11-13 10:48:19 - __main__ - INFO - Frame queue size: 99
2025-11-13 10:48:19 - __main__ - INFO - Camera Status:
2025-11-13 10:48:19 - __main__ - INFO -   camera_1: Connected | Thread: Running
2025-11-13 10:48:19 - __main__ - INFO -   camera_2: Connected | Thread: Running
2025-11-13 10:48:19 - __main__ - INFO - Counting Status:
2025-11-13 10:48:19 - __main__ - INFO -   Camera 1 (camera_1):
2025-11-13 10:48:19 - __main__ - INFO -     Current IN: 24 | OUT: 0
2025-11-13 10:48:19 - __main__ - INFO -     Unique objects tracked: 24
2025-11-13 10:48:19 - __main__ - INFO -     Next log in: 358 seconds
2025-11-13 10:48:19 - __main__ - INFO -   Camera 2 (camera_2):
2025-11-13 10:48:19 - __main__ - INFO -     Current IN: 24 | OUT: 0
2025-11-13 10:48:19 - __main__ - INFO -     Unique objects tracked: 24
2025-11-13 10:48:19 - __main__ - INFO -     Next log in: 358 seconds
2025-11-13 10:48:19 - __main__ - INFO - ================================================================================
2025-11-13 10:49:19 - __main__ - INFO - ================================================================================
2025-11-13 10:49:19 - __main__ - INFO - SYSTEM STATUS
2025-11-13 10:49:19 - __main__ - INFO - Consumer mode: CPU
2025-11-13 10:49:19 - __main__ - INFO - Frame queue size: 100
2025-11-13 10:49:19 - __main__ - INFO - Camera Status:
2025-11-13 10:49:19 - __main__ - INFO -   camera_1: Connected | Thread: Running
2025-11-13 10:49:19 - __main__ - INFO -   camera_2: Connected | Thread: Running
2025-11-13 10:49:19 - __main__ - INFO - Counting Status:
2025-11-13 10:49:19 - __main__ - INFO -   Camera 1 (camera_1):
2025-11-13 10:49:19 - __main__ - INFO -     Current IN: 27 | OUT: 0
2025-11-13 10:49:19 - __main__ - INFO -     Unique objects tracked: 27
2025-11-13 10:49:19 - __main__ - INFO -     Next log in: 298 seconds
2025-11-13 10:49:19 - __main__ - INFO -   Camera 2 (camera_2):
2025-11-13 10:49:19 - __main__ - INFO -     Current IN: 27 | OUT: 0
2025-11-13 10:49:19 - __main__ - INFO -     Unique objects tracked: 27
2025-11-13 10:49:19 - __main__ - INFO -     Next log in: 298 seconds
2025-11-13 10:49:19 - __main__ - INFO - ================================================================================
2025-11-13 10:50:19 - __main__ - INFO - ================================================================================
2025-11-13 10:50:19 - __main__ - INFO - SYSTEM STATUS
2025-11-13 10:50:19 - __main__ - INFO - Consumer mode: CPU
2025-11-13 10:50:19 - __main__ - INFO - Frame queue size: 98
2025-11-13 10:50:19 - __main__ - INFO - Camera Status:
2025-11-13 10:50:19 - __main__ - INFO -   camera_1: Connected | Thread: Running
2025-11-13 10:50:19 - __main__ - INFO -   camera_2: Connected | Thread: Running
2025-11-13 10:50:19 - __main__ - INFO - Counting Status:
2025-11-13 10:50:19 - __main__ - INFO -   Camera 1 (camera_1):
2025-11-13 10:50:19 - __main__ - INFO -     Current IN: 29 | OUT: 0
2025-11-13 10:50:19 - __main__ - INFO -     Unique objects tracked: 29
2025-11-13 10:50:19 - __main__ - INFO -     Next log in: 237 seconds
2025-11-13 10:50:19 - __main__ - INFO -   Camera 2 (camera_2):
2025-11-13 10:50:19 - __main__ - INFO -     Current IN: 29 | OUT: 0
2025-11-13 10:50:19 - __main__ - INFO -     Unique objects tracked: 29
2025-11-13 10:50:19 - __main__ - INFO -     Next log in: 237 seconds
2025-11-13 10:50:19 - __main__ - INFO - ================================================================================
2025-11-13 10:51:19 - __main__ - INFO - ================================================================================
2025-11-13 10:51:19 - __main__ - INFO - SYSTEM STATUS
2025-11-13 10:51:19 - __main__ - INFO - Consumer mode: CPU
2025-11-13 10:51:19 - __main__ - INFO - Frame queue size: 100
2025-11-13 10:51:19 - __main__ - INFO - Camera Status:
2025-11-13 10:51:19 - __main__ - INFO -   camera_1: Connected | Thread: Running
2025-11-13 10:51:19 - __main__ - INFO -   camera_2: Connected | Thread: Running
2025-11-13 10:51:19 - __main__ - INFO - Counting Status:
2025-11-13 10:51:20 - __main__ - INFO -   Camera 1 (camera_1):
2025-11-13 10:51:20 - __main__ - INFO -     Current IN: 32 | OUT: 0
2025-11-13 10:51:20 - __main__ - INFO -     Unique objects tracked: 32
2025-11-13 10:51:20 - __main__ - INFO -     Next log in: 176 seconds
2025-11-13 10:51:20 - __main__ - INFO -   Camera 2 (camera_2):
2025-11-13 10:51:20 - __main__ - INFO -     Current IN: 32 | OUT: 0
2025-11-13 10:51:20 - __main__ - INFO -     Unique objects tracked: 32
2025-11-13 10:51:20 - __main__ - INFO -     Next log in: 176 seconds
2025-11-13 10:51:20 - __main__ - INFO - ================================================================================
2025-11-13 10:52:19 - __main__ - INFO - ================================================================================
2025-11-13 10:52:19 - __main__ - INFO - SYSTEM STATUS
2025-11-13 10:52:19 - __main__ - INFO - Consumer mode: CPU
2025-11-13 10:52:19 - __main__ - INFO - Frame queue size: 97
2025-11-13 10:52:19 - __main__ - INFO - Camera Status:
2025-11-13 10:52:19 - __main__ - INFO -   camera_1: Connected | Thread: Running
2025-11-13 10:52:19 - __main__ - INFO -   camera_2: Connected | Thread: Running
2025-11-13 10:52:19 - __main__ - INFO - Counting Status:
2025-11-13 10:52:20 - __main__ - INFO -   Camera 1 (camera_1):
2025-11-13 10:52:20 - __main__ - INFO -     Current IN: 35 | OUT: 0
2025-11-13 10:52:20 - __main__ - INFO -     Unique objects tracked: 35
2025-11-13 10:52:20 - __main__ - INFO -     Next log in: 117 seconds
2025-11-13 10:52:20 - __main__ - INFO -   Camera 2 (camera_2):
2025-11-13 10:52:20 - __main__ - INFO -     Current IN: 35 | OUT: 0
2025-11-13 10:52:20 - __main__ - INFO -     Unique objects tracked: 35
2025-11-13 10:52:20 - __main__ - INFO -     Next log in: 117 seconds
2025-11-13 10:52:20 - __main__ - INFO - ================================================================================
2025-11-13 10:53:19 - __main__ - INFO - ================================================================================
2025-11-13 10:53:19 - __main__ - INFO - SYSTEM STATUS
2025-11-13 10:53:19 - __main__ - INFO - Consumer mode: CPU
2025-11-13 10:53:19 - __main__ - INFO - Frame queue size: 98
2025-11-13 10:53:19 - __main__ - INFO - Camera Status:
2025-11-13 10:53:19 - __main__ - INFO -   camera_1: Connected | Thread: Running
2025-11-13 10:53:19 - __main__ - INFO -   camera_2: Connected | Thread: Running
2025-11-13 10:53:19 - __main__ - INFO - Counting Status:
2025-11-13 10:53:20 - __main__ - INFO -   Camera 1 (camera_1):
2025-11-13 10:53:20 - __main__ - INFO -     Current IN: 37 | OUT: 0
2025-11-13 10:53:20 - __main__ - INFO -     Unique objects tracked: 37
2025-11-13 10:53:20 - __main__ - INFO -     Next log in: 57 seconds
2025-11-13 10:53:20 - __main__ - INFO -   Camera 2 (camera_2):
2025-11-13 10:53:20 - __main__ - INFO -     Current IN: 37 | OUT: 0
2025-11-13 10:53:20 - __main__ - INFO -     Unique objects tracked: 37
2025-11-13 10:53:20 - __main__ - INFO -     Next log in: 57 seconds
2025-11-13 10:53:20 - __main__ - INFO - ================================================================================
2025-11-13 10:54:17 - __main__ - INFO - ================================================================================
2025-11-13 10:54:17 - __main__ - INFO - FINAL COUNT SUMMARY
2025-11-13 10:54:17 - __main__ - INFO - ================================================================================
2025-11-13 10:54:17 - __main__ - INFO - Consolidated count data saved to: ./count_logs\periodic_counts_20251113_105417.json
2025-11-13 10:54:19 - __main__ - INFO - ================================================================================
2025-11-13 10:54:19 - __main__ - INFO - SYSTEM STATUS
2025-11-13 10:54:19 - __main__ - INFO - Consumer mode: CPU
2025-11-13 10:54:19 - __main__ - INFO - Frame queue size: 99
2025-11-13 10:54:19 - __main__ - INFO - Camera Status:
2025-11-13 10:54:19 - __main__ - INFO -   camera_1: Connected | Thread: Running
2025-11-13 10:54:19 - __main__ - INFO -   camera_2: Connected | Thread: Running
2025-11-13 10:54:19 - __main__ - INFO - Counting Status:
2025-11-13 10:54:20 - __main__ - INFO -   Camera 1 (camera_1):
2025-11-13 10:54:20 - __main__ - INFO -     Current IN: 40 | OUT: 0
2025-11-13 10:54:20 - __main__ - INFO -     Unique objects tracked: 40
2025-11-13 10:54:20 - __main__ - INFO -     Next log in: 897 seconds
2025-11-13 10:54:20 - __main__ - INFO -   Camera 2 (camera_2):
2025-11-13 10:54:20 - __main__ - INFO -     Current IN: 40 | OUT: 0
2025-11-13 10:54:20 - __main__ - INFO -     Unique objects tracked: 40
2025-11-13 10:54:20 - __main__ - INFO -     Next log in: 897 seconds
2025-11-13 10:54:20 - __main__ - INFO - ================================================================================
2025-11-13 10:55:04 - __main__ - INFO - Signal 2 received. Stopping...
2025-11-13 10:55:04 - __main__ - INFO - Pipeline stopping...
2025-11-13 10:55:04 - __main__ - INFO - ================================================================================
2025-11-13 10:55:04 - __main__ - INFO - FINAL COUNT SUMMARY
2025-11-13 10:55:04 - __main__ - INFO - Camera: Camera 1 (camera_1)
2025-11-13 10:55:04 - __main__ - INFO -   Elapsed Time: 47.0 seconds
2025-11-13 10:55:04 - __main__ - INFO -   Total IN: 42 | Total OUT: 0
2025-11-13 10:55:04 - __main__ - INFO -   Net Count: 42
2025-11-13 10:55:04 - __main__ - INFO -   Class-wise Counts:
2025-11-13 10:55:04 - __main__ - INFO -     person: IN=42, OUT=0
2025-11-13 10:55:04 - __main__ - INFO - Camera: Camera 2 (camera_2)
2025-11-13 10:55:04 - __main__ - INFO -   Elapsed Time: 47.0 seconds
2025-11-13 10:55:04 - __main__ - INFO -   Total IN: 42 | Total OUT: 0
2025-11-13 10:55:04 - __main__ - INFO -   Net Count: 42
2025-11-13 10:55:04 - __main__ - INFO -   Class-wise Counts:
2025-11-13 10:55:04 - __main__ - INFO -     person: IN=42, OUT=0
2025-11-13 10:55:04 - __main__ - INFO - ================================================================================
2025-11-13 10:55:04 - __main__ - INFO - Consolidated count data saved to: ./count_logs\final_counts_20251113_105504.json
2025-11-13 10:55:04 - __main__ - INFO - Health API stopped
2025-11-13 10:55:05 - consumer_cpu - INFO - Thread pool executor shutdown complete
2025-11-13 10:55:05 - producer - INFO - camera_1: Capture thread stopped
2025-11-13 10:55:05 - producer - INFO - camera_2: Capture thread stopped
2025-11-13 10:55:05 - producer - INFO - All cameras stopped
2025-11-13 10:55:05 - __main__ - INFO - Pipeline stopped cleanly.
