2025-11-12 18:59:17 - __main__ - INFO - Logging to file: ./logs/counting_20251112_185917.log
2025-11-12 18:59:17 - __main__ - INFO - Logging to console: enabled
2025-11-12 18:59:17 - __main__ - INFO - CUDA not available, will use CPU
2025-11-12 18:59:17 - __main__ - INFO - Visualization mode: Save to video files
2025-11-12 18:59:17 - __main__ - INFO - Using standard CPU consumer
2025-11-12 18:59:17 - consumer_cpu - INFO - Parallel processing enabled with 4 workers
2025-11-12 18:59:17 - consumer_cpu - INFO - Video output directory: ./output_videos
2025-11-12 18:59:17 - consumer_cpu - INFO - Initialized counter for Camera 1 with line: [[240, 0], [240, 480]]
2025-11-12 18:59:17 - consumer_cpu - INFO - Initialized counter for Camera 2 with line: [[240, 0], [240, 480]]
2025-11-12 18:59:17 - consumer_cpu - INFO - Model loaded on cpu
2025-11-12 18:59:17 - consumer_cpu - INFO - Model input size: (854, 480)
2025-11-12 18:59:17 - consumer_cpu - INFO - Counting log interval: 900 seconds
2025-11-12 18:59:17 - consumer_cpu - INFO - Visualization mode: save
2025-11-12 18:59:17 - consumer_cpu - INFO - Available classes: ['person', 'bicycle', 'car', 'motorcycle', 'airplane', 'bus', 'train', 'truck', 'boat', 'traffic light', 'fire hydrant', 'stop sign', 'parking meter', 'bench', 'bird', 'cat', 'dog', 'horse', 'sheep', 'cow', 'elephant', 'bear', 'zebra', 'giraffe', 'backpack', 'umbrella', 'handbag', 'tie', 'suitcase', 'frisbee', 'skis', 'snowboard', 'sports ball', 'kite', 'baseball bat', 'baseball glove', 'skateboard', 'surfboard', 'tennis racket', 'bottle', 'wine glass', 'cup', 'fork', 'knife', 'spoon', 'bowl', 'banana', 'apple', 'sandwich', 'orange', 'broccoli', 'carrot', 'hot dog', 'pizza', 'donut', 'cake', 'chair', 'couch', 'potted plant', 'bed', 'dining table', 'toilet', 'tv', 'laptop', 'mouse', 'remote', 'keyboard', 'cell phone', 'microwave', 'oven', 'toaster', 'sink', 'refrigerator', 'book', 'clock', 'vase', 'scissors', 'teddy bear', 'hair drier', 'toothbrush']
2025-11-12 18:59:17 - __main__ - ERROR - Flask not installed. Install with: pip install flask
2025-11-12 18:59:17 - __main__ - INFO - Starting Multi-Camera Object Counting System with save mode
2025-11-12 18:59:17 - __main__ - INFO - Consumer mode: CPU
2025-11-12 18:59:17 - __main__ - INFO - Count logging interval: 900 seconds
2025-11-12 18:59:17 - __main__ - INFO - Parallel processing: ENABLED (4 workers)
2025-11-12 18:59:17 - __main__ - INFO - Starting Producer.
2025-11-12 18:59:17 - producer - INFO - Camera camera_1 - Counting Line: True, Classes: ['person']
2025-11-12 18:59:17 - producer - INFO - Started capture for Camera 1 - Counting Line: True, Classes: ['person']
2025-11-12 18:59:17 - producer - INFO - Camera camera_2 - Counting Line: True, Classes: ['person', 'car']
2025-11-12 18:59:17 - producer - INFO - Started capture for Camera 2 - Counting Line: True, Classes: ['person', 'car']
2025-11-12 18:59:17 - __main__ - INFO - Starting Consumer thread.
2025-11-12 18:59:17 - __main__ - INFO - Pipeline running. Press Ctrl+C to stop.
2025-11-12 18:59:18 - producer - INFO - camera_1: Successfully connected
2025-11-12 18:59:19 - producer - INFO - camera_2: Successfully connected
2025-11-12 18:59:24 - consumer_cpu - INFO - Created video writer for Camera 2: ./output_videos/camera_2_Camera_2_20251112_185924.mp4
2025-11-12 18:59:24 - consumer_cpu - INFO - Created video writer for Camera 1: ./output_videos/camera_1_Camera_1_20251112_185924.mp4
2025-11-12 18:59:51 - __main__ - INFO - Signal 2 received. Stopping...
2025-11-12 18:59:52 - __main__ - INFO - Pipeline stopping...
2025-11-12 18:59:52 - __main__ - INFO - ================================================================================
2025-11-12 18:59:52 - __main__ - INFO - FINAL COUNT SUMMARY
2025-11-12 18:59:52 - __main__ - INFO - Camera: Camera 1 (camera_1)
2025-11-12 18:59:52 - __main__ - INFO -   Elapsed Time: 34.6 seconds
2025-11-12 18:59:52 - __main__ - INFO -   Total IN: 1 | Total OUT: 0
2025-11-12 18:59:52 - __main__ - INFO -   Net Count: 1
2025-11-12 18:59:52 - __main__ - INFO -   Class-wise Counts:
2025-11-12 18:59:52 - __main__ - INFO -     person: IN=1, OUT=0
2025-11-12 18:59:52 - __main__ - INFO - Camera: Camera 2 (camera_2)
2025-11-12 18:59:52 - __main__ - INFO -   Elapsed Time: 34.6 seconds
2025-11-12 18:59:52 - __main__ - INFO -   Total IN: 1 | Total OUT: 0
2025-11-12 18:59:52 - __main__ - INFO -   Net Count: 1
2025-11-12 18:59:52 - __main__ - INFO -   Class-wise Counts:
2025-11-12 18:59:52 - __main__ - INFO -     person: IN=1, OUT=0
2025-11-12 18:59:52 - __main__ - INFO - ================================================================================
2025-11-12 18:59:52 - __main__ - INFO - Consolidated count data saved to: ./count_logs/final_counts_20251112_185952.json
2025-11-12 18:59:52 - consumer_cpu - INFO - Thread pool executor shutdown complete
2025-11-12 18:59:52 - consumer_cpu - INFO - Closed video writer for camera: camera_2
2025-11-12 18:59:52 - consumer_cpu - INFO - Closed video writer for camera: camera_1
2025-11-12 18:59:52 - producer - INFO - camera_2: Capture thread stopped
2025-11-12 18:59:52 - producer - INFO - camera_1: Capture thread stopped
2025-11-12 18:59:52 - producer - INFO - All cameras stopped
2025-11-12 18:59:52 - __main__ - INFO - Pipeline stopped cleanly.
