2025-11-14 11:53:32 - __main__ - INFO - Logging to file: ./logs/counting_20251114_115332.log
2025-11-14 11:53:32 - __main__ - INFO - Logging to console: enabled
2025-11-14 11:53:32 - __main__ - INFO - CUDA not available, will use CPU
2025-11-14 11:53:32 - __main__ - INFO - Visualization mode: Save to video files
2025-11-14 11:53:32 - __main__ - INFO - Using standard CPU consumer
2025-11-14 11:53:32 - consumer_cpu - INFO - Parallel processing enabled with 4 workers
2025-11-14 11:53:32 - consumer_cpu - INFO - Video output directory: ./output_videos
2025-11-14 11:53:32 - consumer_cpu - INFO - Initialized counter for Camera 1 with line: [[240, 0], [240, 480]]
2025-11-14 11:53:32 - consumer_cpu - INFO - Initialized counter for Camera 2 with line: [[240, 0], [240, 480]]
2025-11-14 11:53:32 - consumer_cpu - INFO - Model loaded on cpu
2025-11-14 11:53:32 - consumer_cpu - INFO - Model input size: (854, 480)
2025-11-14 11:53:32 - consumer_cpu - INFO - Counting log interval: 900 seconds
2025-11-14 11:53:32 - consumer_cpu - INFO - Visualization mode: save
2025-11-14 11:53:32 - consumer_cpu - INFO - Available classes: ['person', 'bicycle', 'car', 'motorcycle', 'airplane', 'bus', 'train', 'truck', 'boat', 'traffic light', 'fire hydrant', 'stop sign', 'parking meter', 'bench', 'bird', 'cat', 'dog', 'horse', 'sheep', 'cow', 'elephant', 'bear', 'zebra', 'giraffe', 'backpack', 'umbrella', 'handbag', 'tie', 'suitcase', 'frisbee', 'skis', 'snowboard', 'sports ball', 'kite', 'baseball bat', 'baseball glove', 'skateboard', 'surfboard', 'tennis racket', 'bottle', 'wine glass', 'cup', 'fork', 'knife', 'spoon', 'bowl', 'banana', 'apple', 'sandwich', 'orange', 'broccoli', 'carrot', 'hot dog', 'pizza', 'donut', 'cake', 'chair', 'couch', 'potted plant', 'bed', 'dining table', 'toilet', 'tv', 'laptop', 'mouse', 'remote', 'keyboard', 'cell phone', 'microwave', 'oven', 'toaster', 'sink', 'refrigerator', 'book', 'clock', 'vase', 'scissors', 'teddy bear', 'hair drier', 'toothbrush']
2025-11-14 11:53:32 - __main__ - INFO - Starting Multi-Camera Object Counting System with save mode
2025-11-14 11:53:32 - __main__ - INFO - Consumer mode: CPU
2025-11-14 11:53:32 - __main__ - INFO - Count logging interval: 900 seconds
2025-11-14 11:53:32 - __main__ - INFO - Parallel processing: ENABLED (4 workers)
2025-11-14 11:53:32 - __main__ - INFO - Starting health API on http://0.0.0.0:8080
2025-11-14 11:53:32 - __main__ - INFO - Health API endpoints:
2025-11-14 11:53:32 - __main__ - INFO -   - Status: http://0.0.0.0:8080/status
2025-11-14 11:53:32 - __main__ - INFO -   - Health: http://0.0.0.0:8080/health
2025-11-14 11:53:32 - __main__ - INFO -   - Cameras: http://0.0.0.0:8080/cameras
2025-11-14 11:53:32 - __main__ - INFO - Starting Producer.
2025-11-14 11:53:32 - producer - INFO - Camera camera_1 - Counting Line: True, Classes: ['person']
2025-11-14 11:53:32 - producer - INFO - Started capture for Camera 1 - Counting Line: True, Classes: ['person']
2025-11-14 11:53:32 - producer - INFO - Camera camera_2 - Counting Line: True, Classes: ['person', 'car']
2025-11-14 11:53:32 - producer - INFO - Started capture for Camera 2 - Counting Line: True, Classes: ['person', 'car']
2025-11-14 11:53:32 - __main__ - INFO - Starting Consumer thread.
2025-11-14 11:53:32 - __main__ - INFO - Pipeline running. Press Ctrl+C to stop.
2025-11-14 11:53:32 - werkzeug - INFO - [31m[1mWARNING: This is a development server. Do not use it in a production deployment. Use a production WSGI server instead.[0m
 * Running on all addresses (0.0.0.0)
 * Running on http://127.0.0.1:8080
 * Running on http://192.168.0.130:8080
2025-11-14 11:53:32 - werkzeug - INFO - [33mPress CTRL+C to quit[0m
2025-11-14 11:53:33 - producer - INFO - camera_2: Successfully connected
2025-11-14 11:53:34 - producer - INFO - camera_1: Successfully connected
2025-11-14 11:53:36 - werkzeug - INFO - 127.0.0.1 - - [14/Nov/2025 11:53:36] "GET /status HTTP/1.1" 200 -
2025-11-14 11:53:38 - werkzeug - INFO - 127.0.0.1 - - [14/Nov/2025 11:53:38] "GET /cameras HTTP/1.1" 200 -
2025-11-14 11:53:38 - consumer_cpu - INFO - Created video writer for Camera 1: ./output_videos/camera_1_Camera_1_20251114_115338.mp4
2025-11-14 11:53:39 - consumer_cpu - INFO - Created video writer for Camera 2: ./output_videos/camera_2_Camera_2_20251114_115339.mp4
2025-11-14 11:53:41 - werkzeug - INFO - 127.0.0.1 - - [14/Nov/2025 11:53:41] "GET /health HTTP/1.1" 200 -
2025-11-14 11:54:13 - werkzeug - INFO - 127.0.0.1 - - [14/Nov/2025 11:54:13] "GET /health HTTP/1.1" 200 -
2025-11-14 11:54:24 - werkzeug - INFO - 127.0.0.1 - - [14/Nov/2025 11:54:24] "GET /cameras HTTP/1.1" 200 -
2025-11-14 11:54:27 - werkzeug - INFO - 127.0.0.1 - - [14/Nov/2025 11:54:27] "GET /status HTTP/1.1" 200 -
2025-11-14 11:54:32 - __main__ - INFO - ================================================================================
2025-11-14 11:54:32 - __main__ - INFO - SYSTEM STATUS
2025-11-14 11:54:32 - __main__ - INFO - Consumer mode: CPU
2025-11-14 11:54:32 - __main__ - INFO - Frame queue size: 0
2025-11-14 11:54:32 - __main__ - INFO - Camera Status:
2025-11-14 11:54:32 - __main__ - INFO -   camera_2: Connected | Thread: Running
2025-11-14 11:54:32 - __main__ - INFO -   camera_1: Connected | Thread: Running
2025-11-14 11:54:32 - __main__ - INFO - Counting Status:
2025-11-14 11:54:32 - __main__ - INFO -   Camera 1 (camera_1):
2025-11-14 11:54:32 - __main__ - INFO -     person: IN=2, OUT=0
2025-11-14 11:54:32 - __main__ - INFO -     Unique objects tracked: 2
2025-11-14 11:54:32 - __main__ - INFO -     Next log in: 840 seconds
2025-11-14 11:54:32 - __main__ - INFO -   Camera 2 (camera_2):
2025-11-14 11:54:32 - __main__ - INFO -     person: IN=2, OUT=0
2025-11-14 11:54:32 - __main__ - INFO -     Unique objects tracked: 2
2025-11-14 11:54:32 - __main__ - INFO -     Next log in: 840 seconds
2025-11-14 11:54:32 - __main__ - INFO - ================================================================================
2025-11-14 11:55:22 - werkzeug - INFO - 127.0.0.1 - - [14/Nov/2025 11:55:22] "GET /status HTTP/1.1" 200 -
2025-11-14 11:55:33 - __main__ - INFO - ================================================================================
2025-11-14 11:55:33 - __main__ - INFO - SYSTEM STATUS
2025-11-14 11:55:33 - __main__ - INFO - Consumer mode: CPU
2025-11-14 11:55:33 - __main__ - INFO - Frame queue size: 0
2025-11-14 11:55:33 - __main__ - INFO - Camera Status:
2025-11-14 11:55:33 - __main__ - INFO -   camera_2: Connected | Thread: Running
2025-11-14 11:55:33 - __main__ - INFO -   camera_1: Connected | Thread: Running
2025-11-14 11:55:33 - __main__ - INFO - Counting Status:
2025-11-14 11:55:33 - __main__ - INFO -   Camera 1 (camera_1):
2025-11-14 11:55:33 - __main__ - INFO -     person: IN=5, OUT=0
2025-11-14 11:55:33 - __main__ - INFO -     Unique objects tracked: 5
2025-11-14 11:55:33 - __main__ - INFO -     Next log in: 780 seconds
2025-11-14 11:55:33 - __main__ - INFO -   Camera 2 (camera_2):
2025-11-14 11:55:33 - __main__ - INFO -     person: IN=5, OUT=0
2025-11-14 11:55:33 - __main__ - INFO -     Unique objects tracked: 5
2025-11-14 11:55:33 - __main__ - INFO -     Next log in: 780 seconds
2025-11-14 11:55:33 - __main__ - INFO - ================================================================================
2025-11-14 11:55:35 - werkzeug - INFO - 127.0.0.1 - - [14/Nov/2025 11:55:35] "GET /cameras HTTP/1.1" 200 -
2025-11-14 11:55:38 - werkzeug - INFO - 127.0.0.1 - - [14/Nov/2025 11:55:38] "GET /health HTTP/1.1" 200 -
2025-11-14 11:56:15 - werkzeug - INFO - 127.0.0.1 - - [14/Nov/2025 11:56:15] "GET /health HTTP/1.1" 200 -
2025-11-14 11:56:17 - werkzeug - INFO - 127.0.0.1 - - [14/Nov/2025 11:56:17] "GET /cameras HTTP/1.1" 200 -
2025-11-14 11:56:19 - werkzeug - INFO - 127.0.0.1 - - [14/Nov/2025 11:56:19] "GET /status HTTP/1.1" 200 -
2025-11-14 11:56:33 - __main__ - INFO - ================================================================================
2025-11-14 11:56:33 - __main__ - INFO - SYSTEM STATUS
2025-11-14 11:56:33 - __main__ - INFO - Consumer mode: CPU
2025-11-14 11:56:33 - __main__ - INFO - Frame queue size: 0
2025-11-14 11:56:33 - __main__ - INFO - Camera Status:
2025-11-14 11:56:33 - __main__ - INFO -   camera_2: Connected | Thread: Running
2025-11-14 11:56:33 - __main__ - INFO -   camera_1: Connected | Thread: Running
2025-11-14 11:56:33 - __main__ - INFO - Counting Status:
2025-11-14 11:56:33 - __main__ - INFO -   Camera 1 (camera_1):
2025-11-14 11:56:33 - __main__ - INFO -     person: IN=8, OUT=0
2025-11-14 11:56:33 - __main__ - INFO -     Unique objects tracked: 8
2025-11-14 11:56:33 - __main__ - INFO -     Next log in: 720 seconds
2025-11-14 11:56:33 - __main__ - INFO -   Camera 2 (camera_2):
2025-11-14 11:56:33 - __main__ - INFO -     person: IN=8, OUT=0
2025-11-14 11:56:33 - __main__ - INFO -     Unique objects tracked: 8
2025-11-14 11:56:33 - __main__ - INFO -     Next log in: 720 seconds
2025-11-14 11:56:33 - __main__ - INFO - ================================================================================
2025-11-14 11:57:33 - __main__ - INFO - ================================================================================
2025-11-14 11:57:33 - __main__ - INFO - SYSTEM STATUS
2025-11-14 11:57:33 - __main__ - INFO - Consumer mode: CPU
2025-11-14 11:57:33 - __main__ - INFO - Frame queue size: 4
2025-11-14 11:57:33 - __main__ - INFO - Camera Status:
2025-11-14 11:57:33 - __main__ - INFO -   camera_2: Connected | Thread: Running
2025-11-14 11:57:33 - __main__ - INFO -   camera_1: Connected | Thread: Running
2025-11-14 11:57:33 - __main__ - INFO - Counting Status:
2025-11-14 11:57:33 - __main__ - INFO -   Camera 1 (camera_1):
2025-11-14 11:57:33 - __main__ - INFO -     person: IN=11, OUT=0
2025-11-14 11:57:33 - __main__ - INFO -     Unique objects tracked: 11
2025-11-14 11:57:33 - __main__ - INFO -     Next log in: 659 seconds
2025-11-14 11:57:33 - __main__ - INFO -   Camera 2 (camera_2):
2025-11-14 11:57:33 - __main__ - INFO -     person: IN=11, OUT=0
2025-11-14 11:57:33 - __main__ - INFO -     Unique objects tracked: 11
2025-11-14 11:57:33 - __main__ - INFO -     Next log in: 659 seconds
2025-11-14 11:57:33 - __main__ - INFO - ================================================================================
2025-11-14 11:58:33 - __main__ - INFO - ================================================================================
2025-11-14 11:58:33 - __main__ - INFO - SYSTEM STATUS
2025-11-14 11:58:33 - __main__ - INFO - Consumer mode: CPU
2025-11-14 11:58:33 - __main__ - INFO - Frame queue size: 0
2025-11-14 11:58:33 - __main__ - INFO - Camera Status:
2025-11-14 11:58:33 - __main__ - INFO -   camera_2: Connected | Thread: Running
2025-11-14 11:58:33 - __main__ - INFO -   camera_1: Connected | Thread: Running
2025-11-14 11:58:33 - __main__ - INFO - Counting Status:
2025-11-14 11:58:33 - __main__ - INFO -   Camera 1 (camera_1):
2025-11-14 11:58:33 - __main__ - INFO -     person: IN=13, OUT=0
2025-11-14 11:58:33 - __main__ - INFO -     Unique objects tracked: 13
2025-11-14 11:58:33 - __main__ - INFO -     Next log in: 599 seconds
2025-11-14 11:58:33 - __main__ - INFO -   Camera 2 (camera_2):
2025-11-14 11:58:33 - __main__ - INFO -     person: IN=13, OUT=0
2025-11-14 11:58:33 - __main__ - INFO -     Unique objects tracked: 13
2025-11-14 11:58:33 - __main__ - INFO -     Next log in: 599 seconds
2025-11-14 11:58:33 - __main__ - INFO - ================================================================================
2025-11-14 11:59:26 - werkzeug - INFO - 127.0.0.1 - - [14/Nov/2025 11:59:26] "GET /health HTTP/1.1" 200 -
2025-11-14 11:59:29 - werkzeug - INFO - 127.0.0.1 - - [14/Nov/2025 11:59:29] "GET /cameras HTTP/1.1" 200 -
2025-11-14 11:59:32 - werkzeug - INFO - 127.0.0.1 - - [14/Nov/2025 11:59:32] "GET /status HTTP/1.1" 200 -
2025-11-14 11:59:33 - __main__ - INFO - ================================================================================
2025-11-14 11:59:33 - __main__ - INFO - SYSTEM STATUS
2025-11-14 11:59:33 - __main__ - INFO - Consumer mode: CPU
2025-11-14 11:59:33 - __main__ - INFO - Frame queue size: 2
2025-11-14 11:59:33 - __main__ - INFO - Camera Status:
2025-11-14 11:59:33 - __main__ - INFO -   camera_2: Connected | Thread: Running
2025-11-14 11:59:33 - __main__ - INFO -   camera_1: Connected | Thread: Running
2025-11-14 11:59:33 - __main__ - INFO - Counting Status:
2025-11-14 11:59:33 - __main__ - INFO -   Camera 1 (camera_1):
2025-11-14 11:59:33 - __main__ - INFO -     person: IN=16, OUT=0
2025-11-14 11:59:33 - __main__ - INFO -     Unique objects tracked: 16
2025-11-14 11:59:33 - __main__ - INFO -     Next log in: 539 seconds
2025-11-14 11:59:33 - __main__ - INFO -   Camera 2 (camera_2):
2025-11-14 11:59:33 - __main__ - INFO -     person: IN=16, OUT=0
2025-11-14 11:59:33 - __main__ - INFO -     Unique objects tracked: 16
2025-11-14 11:59:33 - __main__ - INFO -     Next log in: 539 seconds
2025-11-14 11:59:33 - __main__ - INFO - ================================================================================
2025-11-14 12:00:33 - __main__ - INFO - ================================================================================
2025-11-14 12:00:33 - __main__ - INFO - SYSTEM STATUS
2025-11-14 12:00:33 - __main__ - INFO - Consumer mode: CPU
2025-11-14 12:00:33 - __main__ - INFO - Frame queue size: 38
2025-11-14 12:00:33 - __main__ - INFO - Camera Status:
2025-11-14 12:00:33 - __main__ - INFO -   camera_2: Connected | Thread: Running
2025-11-14 12:00:33 - __main__ - INFO -   camera_1: Connected | Thread: Running
2025-11-14 12:00:33 - __main__ - INFO - Counting Status:
2025-11-14 12:00:33 - __main__ - INFO -   Camera 1 (camera_1):
2025-11-14 12:00:33 - __main__ - INFO -     person: IN=19, OUT=0
2025-11-14 12:00:33 - __main__ - INFO -     Unique objects tracked: 19
2025-11-14 12:00:33 - __main__ - INFO -     Next log in: 479 seconds
2025-11-14 12:00:33 - __main__ - INFO -   Camera 2 (camera_2):
2025-11-14 12:00:33 - __main__ - INFO -     person: IN=19, OUT=0
2025-11-14 12:00:33 - __main__ - INFO -     Unique objects tracked: 19
2025-11-14 12:00:33 - __main__ - INFO -     Next log in: 479 seconds
2025-11-14 12:00:33 - __main__ - INFO - ================================================================================
2025-11-14 12:00:38 - werkzeug - INFO - 127.0.0.1 - - [14/Nov/2025 12:00:38] "GET /status HTTP/1.1" 200 -
2025-11-14 12:00:39 - werkzeug - INFO - 127.0.0.1 - - [14/Nov/2025 12:00:39] "GET /cameras HTTP/1.1" 200 -
2025-11-14 12:00:39 - werkzeug - INFO - 127.0.0.1 - - [14/Nov/2025 12:00:39] "GET /health HTTP/1.1" 200 -
2025-11-14 12:01:33 - __main__ - INFO - ================================================================================
2025-11-14 12:01:33 - __main__ - INFO - SYSTEM STATUS
2025-11-14 12:01:33 - __main__ - INFO - Consumer mode: CPU
2025-11-14 12:01:33 - __main__ - INFO - Frame queue size: 0
2025-11-14 12:01:33 - __main__ - INFO - Camera Status:
2025-11-14 12:01:33 - __main__ - INFO -   camera_2: Connected | Thread: Running
2025-11-14 12:01:33 - __main__ - INFO -   camera_1: Connected | Thread: Running
2025-11-14 12:01:33 - __main__ - INFO - Counting Status:
2025-11-14 12:01:33 - __main__ - INFO -   Camera 1 (camera_1):
2025-11-14 12:01:33 - __main__ - INFO -     person: IN=22, OUT=0
2025-11-14 12:01:33 - __main__ - INFO -     Unique objects tracked: 22
2025-11-14 12:01:33 - __main__ - INFO -     Next log in: 419 seconds
2025-11-14 12:01:33 - __main__ - INFO -   Camera 2 (camera_2):
2025-11-14 12:01:33 - __main__ - INFO -     person: IN=22, OUT=0
2025-11-14 12:01:33 - __main__ - INFO -     Unique objects tracked: 22
2025-11-14 12:01:33 - __main__ - INFO -     Next log in: 419 seconds
2025-11-14 12:01:33 - __main__ - INFO - ================================================================================
2025-11-14 12:02:34 - __main__ - INFO - ================================================================================
2025-11-14 12:02:34 - __main__ - INFO - SYSTEM STATUS
2025-11-14 12:02:34 - __main__ - INFO - Consumer mode: CPU
2025-11-14 12:02:34 - __main__ - INFO - Frame queue size: 0
2025-11-14 12:02:34 - __main__ - INFO - Camera Status:
2025-11-14 12:02:34 - __main__ - INFO -   camera_2: Connected | Thread: Running
2025-11-14 12:02:34 - __main__ - INFO -   camera_1: Connected | Thread: Running
2025-11-14 12:02:34 - __main__ - INFO - Counting Status:
2025-11-14 12:02:34 - __main__ - INFO -   Camera 1 (camera_1):
2025-11-14 12:02:34 - __main__ - INFO -     person: IN=24, OUT=0
2025-11-14 12:02:34 - __main__ - INFO -     Unique objects tracked: 24
2025-11-14 12:02:34 - __main__ - INFO -     Next log in: 359 seconds
2025-11-14 12:02:34 - __main__ - INFO -   Camera 2 (camera_2):
2025-11-14 12:02:34 - __main__ - INFO -     person: IN=24, OUT=0
2025-11-14 12:02:34 - __main__ - INFO -     Unique objects tracked: 24
2025-11-14 12:02:34 - __main__ - INFO -     Next log in: 359 seconds
2025-11-14 12:02:34 - __main__ - INFO - ================================================================================
2025-11-14 12:03:02 - werkzeug - INFO - 127.0.0.1 - - [14/Nov/2025 12:03:02] "GET /status HTTP/1.1" 200 -
2025-11-14 12:03:02 - werkzeug - INFO - 127.0.0.1 - - [14/Nov/2025 12:03:02] "GET /cameras HTTP/1.1" 200 -
2025-11-14 12:03:03 - werkzeug - INFO - 127.0.0.1 - - [14/Nov/2025 12:03:03] "GET /health HTTP/1.1" 200 -
2025-11-14 12:03:34 - __main__ - INFO - ================================================================================
2025-11-14 12:03:34 - __main__ - INFO - SYSTEM STATUS
2025-11-14 12:03:34 - __main__ - INFO - Consumer mode: CPU
2025-11-14 12:03:34 - __main__ - INFO - Frame queue size: 0
2025-11-14 12:03:34 - __main__ - INFO - Camera Status:
2025-11-14 12:03:34 - __main__ - INFO -   camera_2: Connected | Thread: Running
2025-11-14 12:03:34 - __main__ - INFO -   camera_1: Connected | Thread: Running
2025-11-14 12:03:34 - __main__ - INFO - Counting Status:
2025-11-14 12:03:34 - __main__ - INFO -   Camera 1 (camera_1):
2025-11-14 12:03:34 - __main__ - INFO -     person: IN=27, OUT=0
2025-11-14 12:03:34 - __main__ - INFO -     Unique objects tracked: 27
2025-11-14 12:03:34 - __main__ - INFO -     Next log in: 298 seconds
2025-11-14 12:03:34 - __main__ - INFO -   Camera 2 (camera_2):
2025-11-14 12:03:34 - __main__ - INFO -     person: IN=27, OUT=0
2025-11-14 12:03:34 - __main__ - INFO -     Unique objects tracked: 27
2025-11-14 12:03:34 - __main__ - INFO -     Next log in: 298 seconds
2025-11-14 12:03:34 - __main__ - INFO - ================================================================================
2025-11-14 12:04:34 - __main__ - INFO - ================================================================================
2025-11-14 12:04:34 - __main__ - INFO - SYSTEM STATUS
2025-11-14 12:04:34 - __main__ - INFO - Consumer mode: CPU
2025-11-14 12:04:34 - __main__ - INFO - Frame queue size: 2
2025-11-14 12:04:34 - __main__ - INFO - Camera Status:
2025-11-14 12:04:34 - __main__ - INFO -   camera_2: Connected | Thread: Running
2025-11-14 12:04:34 - __main__ - INFO -   camera_1: Connected | Thread: Running
2025-11-14 12:04:34 - __main__ - INFO - Counting Status:
2025-11-14 12:04:34 - __main__ - INFO -   Camera 1 (camera_1):
2025-11-14 12:04:34 - __main__ - INFO -     person: IN=30, OUT=0
2025-11-14 12:04:34 - __main__ - INFO -     Unique objects tracked: 30
2025-11-14 12:04:34 - __main__ - INFO -     Next log in: 238 seconds
2025-11-14 12:04:34 - __main__ - INFO -   Camera 2 (camera_2):
2025-11-14 12:04:34 - __main__ - INFO -     person: IN=30, OUT=0
2025-11-14 12:04:34 - __main__ - INFO -     Unique objects tracked: 30
2025-11-14 12:04:34 - __main__ - INFO -     Next log in: 238 seconds
2025-11-14 12:04:34 - __main__ - INFO - ================================================================================
2025-11-14 12:05:34 - __main__ - INFO - ================================================================================
2025-11-14 12:05:34 - __main__ - INFO - SYSTEM STATUS
2025-11-14 12:05:34 - __main__ - INFO - Consumer mode: CPU
2025-11-14 12:05:34 - __main__ - INFO - Frame queue size: 2
2025-11-14 12:05:34 - __main__ - INFO - Camera Status:
2025-11-14 12:05:34 - __main__ - INFO -   camera_2: Connected | Thread: Running
2025-11-14 12:05:34 - __main__ - INFO -   camera_1: Connected | Thread: Running
2025-11-14 12:05:34 - __main__ - INFO - Counting Status:
2025-11-14 12:05:34 - __main__ - INFO -   Camera 1 (camera_1):
2025-11-14 12:05:34 - __main__ - INFO -     person: IN=32, OUT=0
2025-11-14 12:05:34 - __main__ - INFO -     Unique objects tracked: 32
2025-11-14 12:05:34 - __main__ - INFO -     Next log in: 178 seconds
2025-11-14 12:05:34 - __main__ - INFO -   Camera 2 (camera_2):
2025-11-14 12:05:34 - __main__ - INFO -     person: IN=32, OUT=0
2025-11-14 12:05:34 - __main__ - INFO -     Unique objects tracked: 32
2025-11-14 12:05:34 - __main__ - INFO -     Next log in: 178 seconds
2025-11-14 12:05:34 - __main__ - INFO - ================================================================================
2025-11-14 12:06:09 - werkzeug - INFO - 127.0.0.1 - - [14/Nov/2025 12:06:09] "GET /status HTTP/1.1" 200 -
2025-11-14 12:06:10 - werkzeug - INFO - 127.0.0.1 - - [14/Nov/2025 12:06:10] "GET /cameras HTTP/1.1" 200 -
2025-11-14 12:06:10 - werkzeug - INFO - 127.0.0.1 - - [14/Nov/2025 12:06:10] "GET /health HTTP/1.1" 200 -
2025-11-14 12:06:34 - __main__ - INFO - ================================================================================
2025-11-14 12:06:34 - __main__ - INFO - SYSTEM STATUS
2025-11-14 12:06:34 - __main__ - INFO - Consumer mode: CPU
2025-11-14 12:06:34 - __main__ - INFO - Frame queue size: 2
2025-11-14 12:06:34 - __main__ - INFO - Camera Status:
2025-11-14 12:06:34 - __main__ - INFO -   camera_2: Connected | Thread: Running
2025-11-14 12:06:34 - __main__ - INFO -   camera_1: Connected | Thread: Running
2025-11-14 12:06:34 - __main__ - INFO - Counting Status:
2025-11-14 12:06:34 - __main__ - INFO -   Camera 1 (camera_1):
2025-11-14 12:06:34 - __main__ - INFO -     person: IN=35, OUT=0
2025-11-14 12:06:34 - __main__ - INFO -     Unique objects tracked: 35
2025-11-14 12:06:34 - __main__ - INFO -     Next log in: 118 seconds
2025-11-14 12:06:34 - __main__ - INFO -   Camera 2 (camera_2):
2025-11-14 12:06:34 - __main__ - INFO -     person: IN=35, OUT=0
2025-11-14 12:06:34 - __main__ - INFO -     Unique objects tracked: 35
2025-11-14 12:06:34 - __main__ - INFO -     Next log in: 118 seconds
2025-11-14 12:06:34 - __main__ - INFO - ================================================================================
2025-11-14 12:07:34 - __main__ - INFO - ================================================================================
2025-11-14 12:07:34 - __main__ - INFO - SYSTEM STATUS
2025-11-14 12:07:34 - __main__ - INFO - Consumer mode: CPU
2025-11-14 12:07:34 - __main__ - INFO - Frame queue size: 2
2025-11-14 12:07:34 - __main__ - INFO - Camera Status:
2025-11-14 12:07:34 - __main__ - INFO -   camera_2: Connected | Thread: Running
2025-11-14 12:07:34 - __main__ - INFO -   camera_1: Connected | Thread: Running
2025-11-14 12:07:34 - __main__ - INFO - Counting Status:
2025-11-14 12:07:34 - __main__ - INFO -   Camera 1 (camera_1):
2025-11-14 12:07:34 - __main__ - INFO -     person: IN=38, OUT=0
2025-11-14 12:07:34 - __main__ - INFO -     Unique objects tracked: 38
2025-11-14 12:07:34 - __main__ - INFO -     Next log in: 58 seconds
2025-11-14 12:07:34 - __main__ - INFO -   Camera 2 (camera_2):
2025-11-14 12:07:34 - __main__ - INFO -     person: IN=38, OUT=0
2025-11-14 12:07:34 - __main__ - INFO -     Unique objects tracked: 38
2025-11-14 12:07:34 - __main__ - INFO -     Next log in: 58 seconds
2025-11-14 12:07:34 - __main__ - INFO - ================================================================================
2025-11-14 12:08:33 - __main__ - INFO - Consolidated count data saved to: ./count_logs/periodic_counts_20251114_120833.json
2025-11-14 12:08:35 - __main__ - INFO - ================================================================================
2025-11-14 12:08:35 - __main__ - INFO - SYSTEM STATUS
2025-11-14 12:08:35 - __main__ - INFO - Consumer mode: CPU
2025-11-14 12:08:35 - __main__ - INFO - Frame queue size: 0
2025-11-14 12:08:35 - __main__ - INFO - Camera Status:
2025-11-14 12:08:35 - __main__ - INFO -   camera_2: Connected | Thread: Running
2025-11-14 12:08:35 - __main__ - INFO -   camera_1: Connected | Thread: Running
2025-11-14 12:08:35 - __main__ - INFO - Counting Status:
2025-11-14 12:08:35 - __main__ - INFO -   Camera 1 (camera_1):
2025-11-14 12:08:35 - __main__ - INFO -     person: IN=40, OUT=0
2025-11-14 12:08:35 - __main__ - INFO -     Unique objects tracked: 40
2025-11-14 12:08:35 - __main__ - INFO -     Next log in: 898 seconds
2025-11-14 12:08:35 - __main__ - INFO -   Camera 2 (camera_2):
2025-11-14 12:08:35 - __main__ - INFO -     person: IN=40, OUT=0
2025-11-14 12:08:35 - __main__ - INFO -     Unique objects tracked: 40
2025-11-14 12:08:35 - __main__ - INFO -     Next log in: 898 seconds
2025-11-14 12:08:35 - __main__ - INFO - ================================================================================
2025-11-14 12:08:40 - werkzeug - INFO - 127.0.0.1 - - [14/Nov/2025 12:08:40] "GET /status HTTP/1.1" 200 -
2025-11-14 12:08:40 - werkzeug - INFO - 127.0.0.1 - - [14/Nov/2025 12:08:40] "GET /cameras HTTP/1.1" 200 -
2025-11-14 12:08:41 - werkzeug - INFO - 127.0.0.1 - - [14/Nov/2025 12:08:41] "GET /health HTTP/1.1" 200 -
2025-11-14 12:09:35 - __main__ - INFO - ================================================================================
2025-11-14 12:09:35 - __main__ - INFO - SYSTEM STATUS
2025-11-14 12:09:35 - __main__ - INFO - Consumer mode: CPU
2025-11-14 12:09:35 - __main__ - INFO - Frame queue size: 2
2025-11-14 12:09:35 - __main__ - INFO - Camera Status:
2025-11-14 12:09:35 - __main__ - INFO -   camera_2: Connected | Thread: Running
2025-11-14 12:09:35 - __main__ - INFO -   camera_1: Connected | Thread: Running
2025-11-14 12:09:35 - __main__ - INFO - Counting Status:
2025-11-14 12:09:35 - __main__ - INFO -   Camera 1 (camera_1):
2025-11-14 12:09:35 - __main__ - INFO -     person: IN=43, OUT=0
2025-11-14 12:09:35 - __main__ - INFO -     Unique objects tracked: 43
2025-11-14 12:09:35 - __main__ - INFO -     Next log in: 838 seconds
2025-11-14 12:09:35 - __main__ - INFO -   Camera 2 (camera_2):
2025-11-14 12:09:35 - __main__ - INFO -     person: IN=43, OUT=0
2025-11-14 12:09:35 - __main__ - INFO -     Unique objects tracked: 43
2025-11-14 12:09:35 - __main__ - INFO -     Next log in: 838 seconds
2025-11-14 12:09:35 - __main__ - INFO - ================================================================================
2025-11-14 12:10:35 - __main__ - INFO - ================================================================================
2025-11-14 12:10:35 - __main__ - INFO - SYSTEM STATUS
2025-11-14 12:10:35 - __main__ - INFO - Consumer mode: CPU
2025-11-14 12:10:35 - __main__ - INFO - Frame queue size: 2
2025-11-14 12:10:35 - __main__ - INFO - Camera Status:
2025-11-14 12:10:35 - __main__ - INFO -   camera_2: Connected | Thread: Running
2025-11-14 12:10:35 - __main__ - INFO -   camera_1: Connected | Thread: Running
2025-11-14 12:10:35 - __main__ - INFO - Counting Status:
2025-11-14 12:10:35 - __main__ - INFO -   Camera 1 (camera_1):
2025-11-14 12:10:35 - __main__ - INFO -     person: IN=46, OUT=0
2025-11-14 12:10:35 - __main__ - INFO -     Unique objects tracked: 46
2025-11-14 12:10:35 - __main__ - INFO -     Next log in: 777 seconds
2025-11-14 12:10:35 - __main__ - INFO -   Camera 2 (camera_2):
2025-11-14 12:10:35 - __main__ - INFO -     person: IN=46, OUT=0
2025-11-14 12:10:35 - __main__ - INFO -     Unique objects tracked: 46
2025-11-14 12:10:35 - __main__ - INFO -     Next log in: 777 seconds
2025-11-14 12:10:35 - __main__ - INFO - ================================================================================
2025-11-14 12:10:43 - werkzeug - INFO - 127.0.0.1 - - [14/Nov/2025 12:10:43] "GET /status HTTP/1.1" 200 -
2025-11-14 12:10:45 - werkzeug - INFO - 127.0.0.1 - - [14/Nov/2025 12:10:45] "GET /cameras HTTP/1.1" 200 -
2025-11-14 12:10:47 - werkzeug - INFO - 127.0.0.1 - - [14/Nov/2025 12:10:47] "GET /health HTTP/1.1" 200 -
2025-11-14 12:11:07 - __main__ - INFO - Signal 2 received. Stopping...
2025-11-14 12:11:08 - __main__ - INFO - Pipeline stopping...
2025-11-14 12:11:08 - __main__ - INFO - ================================================================================
2025-11-14 12:11:08 - __main__ - INFO - FINAL COUNT SUMMARY
2025-11-14 12:11:08 - __main__ - INFO - Camera: Camera 1 (camera_1)
2025-11-14 12:11:08 - __main__ - INFO -   Elapsed Time: 155.2 seconds
2025-11-14 12:11:08 - __main__ - INFO -   Total IN: 47 | Total OUT: 0
2025-11-14 12:11:08 - __main__ - INFO -   Net Count: 47
2025-11-14 12:11:08 - __main__ - INFO -   Class-wise Counts:
2025-11-14 12:11:08 - __main__ - INFO -     person: IN=47, OUT=0
2025-11-14 12:11:08 - __main__ - INFO - ================================================================================
2025-11-14 12:11:08 - __main__ - INFO - ================================================================================
2025-11-14 12:11:08 - __main__ - INFO - FINAL COUNT SUMMARY
2025-11-14 12:11:08 - __main__ - INFO - Camera: Camera 2 (camera_2)
2025-11-14 12:11:08 - __main__ - INFO -   Elapsed Time: 155.2 seconds
2025-11-14 12:11:08 - __main__ - INFO -   Total IN: 47 | Total OUT: 0
2025-11-14 12:11:08 - __main__ - INFO -   Net Count: 47
2025-11-14 12:11:08 - __main__ - INFO -   Class-wise Counts:
2025-11-14 12:11:08 - __main__ - INFO -     person: IN=47, OUT=0
2025-11-14 12:11:08 - __main__ - INFO - ================================================================================
2025-11-14 12:11:08 - __main__ - INFO - Consolidated count data saved to: ./count_logs/final_counts_20251114_121108.json
2025-11-14 12:11:08 - __main__ - INFO - Health API stopped
2025-11-14 12:11:08 - consumer_cpu - INFO - Thread pool executor shutdown complete
2025-11-14 12:11:08 - consumer_cpu - INFO - Closed video writer for camera: camera_1
2025-11-14 12:11:08 - consumer_cpu - INFO - Closed video writer for camera: camera_2
2025-11-14 12:11:08 - producer - INFO - camera_2: Capture thread stopped
2025-11-14 12:11:08 - producer - INFO - camera_1: Capture thread stopped
2025-11-14 12:11:08 - producer - INFO - All cameras stopped
2025-11-14 12:11:08 - __main__ - INFO - Pipeline stopped cleanly.
